2018-04-19 14:26:51,605  INFO (main:com.aaa.report.ConfigFileReadWrite:read:146) - fileName = resources/cignitiReporter.properties
2018-04-19 14:26:51,605  INFO (main:com.aaa.report.ConfigFileReadWrite:read:147) - key = emBaseUrl
2018-04-19 14:26:51,605  INFO (main:com.aaa.report.ConfigFileReadWrite:read:146) - fileName = resources/cignitiReporter.properties
2018-04-19 14:26:51,605  INFO (main:com.aaa.report.ConfigFileReadWrite:read:147) - key = ncBaseUrl
2018-04-19 14:26:51,605  INFO (main:com.aaa.report.ConfigFileReadWrite:read:146) - fileName = resources/cignitiReporter.properties
2018-04-19 14:26:51,605  INFO (main:com.aaa.report.ConfigFileReadWrite:read:147) - key = callReceivingURL
2018-04-19 14:26:51,605  INFO (main:com.aaa.report.ConfigFileReadWrite:read:146) - fileName = resources/cignitiReporter.properties
2018-04-19 14:26:51,605  INFO (main:com.aaa.report.ConfigFileReadWrite:read:147) - key = dispatchURL
2018-04-19 14:26:51,621  INFO (main:com.aaa.report.ConfigFileReadWrite:read:146) - fileName = resources/cignitiReporter.properties
2018-04-19 14:26:51,621  INFO (main:com.aaa.report.ConfigFileReadWrite:read:147) - key = RSOWebURL
2018-04-19 14:26:51,621  INFO (main:com.aaa.report.ConfigFileReadWrite:read:146) - fileName = resources/cignitiReporter.properties
2018-04-19 14:26:51,621  INFO (main:com.aaa.report.ConfigFileReadWrite:read:147) - key = RSOWebURLMestag
2018-04-19 14:26:51,621  INFO (main:com.aaa.report.ConfigFileReadWrite:read:146) - fileName = resources/cignitiReporter.properties
2018-04-19 14:26:51,621  INFO (main:com.aaa.report.ConfigFileReadWrite:read:147) - key = RSP
2018-04-19 14:26:51,621  INFO (main:com.aaa.report.ConfigFileReadWrite:read:146) - fileName = resources/cignitiReporter.properties
2018-04-19 14:26:51,621  INFO (main:com.aaa.report.ConfigFileReadWrite:read:147) - key = emBaseUrl
2018-04-19 14:26:51,637  INFO (main:com.aaa.report.ConfigFileReadWrite:read:146) - fileName = resources/cignitiReporter.properties
2018-04-19 14:26:51,637  INFO (main:com.aaa.report.ConfigFileReadWrite:read:147) - key = ncBaseUrl
2018-04-19 14:26:51,637  INFO (main:com.aaa.report.ConfigFileReadWrite:read:146) - fileName = resources/cignitiReporter.properties
2018-04-19 14:26:51,637  INFO (main:com.aaa.report.ConfigFileReadWrite:read:147) - key = callReceivingURL
2018-04-19 14:26:51,637  INFO (main:com.aaa.report.ConfigFileReadWrite:read:146) - fileName = resources/cignitiReporter.properties
2018-04-19 14:26:51,637  INFO (main:com.aaa.report.ConfigFileReadWrite:read:147) - key = dispatchURL
2018-04-19 14:26:51,637  INFO (main:com.aaa.report.ConfigFileReadWrite:read:146) - fileName = resources/cignitiReporter.properties
2018-04-19 14:26:51,637  INFO (main:com.aaa.report.ConfigFileReadWrite:read:147) - key = RSOWebURL
2018-04-19 14:26:51,637  INFO (main:com.aaa.report.ConfigFileReadWrite:read:146) - fileName = resources/cignitiReporter.properties
2018-04-19 14:26:51,637  INFO (main:com.aaa.report.ConfigFileReadWrite:read:147) - key = RSOWebURLMestag
2018-04-19 14:26:51,652  INFO (main:com.aaa.report.ConfigFileReadWrite:read:146) - fileName = resources/cignitiReporter.properties
2018-04-19 14:26:51,652  INFO (main:com.aaa.report.ConfigFileReadWrite:read:147) - key = RSP
2018-04-19 14:26:51,668  INFO (main:com.aaa.report.ConfigFileReadWrite:read:146) - fileName = resources/cignitiReporter.properties
2018-04-19 14:26:51,668  INFO (main:com.aaa.report.ConfigFileReadWrite:read:147) - key = emBaseUrl
2018-04-19 14:26:51,684  INFO (main:com.aaa.report.ConfigFileReadWrite:read:146) - fileName = resources/cignitiReporter.properties
2018-04-19 14:26:51,684  INFO (main:com.aaa.report.ConfigFileReadWrite:read:147) - key = ncBaseUrl
2018-04-19 14:26:51,684  INFO (main:com.aaa.report.ConfigFileReadWrite:read:146) - fileName = resources/cignitiReporter.properties
2018-04-19 14:26:51,684  INFO (main:com.aaa.report.ConfigFileReadWrite:read:147) - key = callReceivingURL
2018-04-19 14:26:51,684  INFO (main:com.aaa.report.ConfigFileReadWrite:read:146) - fileName = resources/cignitiReporter.properties
2018-04-19 14:26:51,684  INFO (main:com.aaa.report.ConfigFileReadWrite:read:147) - key = dispatchURL
2018-04-19 14:26:51,684  INFO (main:com.aaa.report.ConfigFileReadWrite:read:146) - fileName = resources/cignitiReporter.properties
2018-04-19 14:26:51,684  INFO (main:com.aaa.report.ConfigFileReadWrite:read:147) - key = RSOWebURL
2018-04-19 14:26:51,684  INFO (main:com.aaa.report.ConfigFileReadWrite:read:146) - fileName = resources/cignitiReporter.properties
2018-04-19 14:26:51,684  INFO (main:com.aaa.report.ConfigFileReadWrite:read:147) - key = RSOWebURLMestag
2018-04-19 14:26:51,684  INFO (main:com.aaa.report.ConfigFileReadWrite:read:146) - fileName = resources/cignitiReporter.properties
2018-04-19 14:26:51,684  INFO (main:com.aaa.report.ConfigFileReadWrite:read:147) - key = RSP
2018-04-19 14:26:51,684  INFO (main:com.aaa.report.ConfigFileReadWrite:read:146) - fileName = resources/cignitiReporter.properties
2018-04-19 14:26:51,699  INFO (main:com.aaa.report.ConfigFileReadWrite:read:147) - key = emBaseUrl
2018-04-19 14:26:51,699  INFO (main:com.aaa.report.ConfigFileReadWrite:read:146) - fileName = resources/cignitiReporter.properties
2018-04-19 14:26:51,699  INFO (main:com.aaa.report.ConfigFileReadWrite:read:147) - key = ncBaseUrl
2018-04-19 14:26:51,699  INFO (main:com.aaa.report.ConfigFileReadWrite:read:146) - fileName = resources/cignitiReporter.properties
2018-04-19 14:26:51,699  INFO (main:com.aaa.report.ConfigFileReadWrite:read:147) - key = callReceivingURL
2018-04-19 14:26:51,699  INFO (main:com.aaa.report.ConfigFileReadWrite:read:146) - fileName = resources/cignitiReporter.properties
2018-04-19 14:26:51,699  INFO (main:com.aaa.report.ConfigFileReadWrite:read:147) - key = dispatchURL
2018-04-19 14:26:51,699  INFO (main:com.aaa.report.ConfigFileReadWrite:read:146) - fileName = resources/cignitiReporter.properties
2018-04-19 14:26:51,699  INFO (main:com.aaa.report.ConfigFileReadWrite:read:147) - key = RSOWebURL
2018-04-19 14:26:51,699  INFO (main:com.aaa.report.ConfigFileReadWrite:read:146) - fileName = resources/cignitiReporter.properties
2018-04-19 14:26:51,699  INFO (main:com.aaa.report.ConfigFileReadWrite:read:147) - key = RSOWebURLMestag
2018-04-19 14:26:51,715  INFO (main:com.aaa.report.ConfigFileReadWrite:read:146) - fileName = resources/cignitiReporter.properties
2018-04-19 14:26:51,715  INFO (main:com.aaa.report.ConfigFileReadWrite:read:147) - key = RSP
2018-04-19 14:26:55,283  INFO (main:com.aaa.report.ConfigFileReadWrite:read:146) - fileName = resources/cignitiReporter.properties
2018-04-19 14:26:55,283  INFO (main:com.aaa.report.ConfigFileReadWrite:read:147) - key = emBaseUrl
2018-04-19 14:26:55,288  INFO (main:com.aaa.report.ConfigFileReadWrite:read:146) - fileName = resources/cignitiReporter.properties
2018-04-19 14:26:55,288  INFO (main:com.aaa.report.ConfigFileReadWrite:read:147) - key = ncBaseUrl
2018-04-19 14:26:55,290  INFO (main:com.aaa.report.ConfigFileReadWrite:read:146) - fileName = resources/cignitiReporter.properties
2018-04-19 14:26:55,290  INFO (main:com.aaa.report.ConfigFileReadWrite:read:147) - key = callReceivingURL
2018-04-19 14:26:55,291  INFO (main:com.aaa.report.ConfigFileReadWrite:read:146) - fileName = resources/cignitiReporter.properties
2018-04-19 14:26:55,291  INFO (main:com.aaa.report.ConfigFileReadWrite:read:147) - key = dispatchURL
2018-04-19 14:26:55,293  INFO (main:com.aaa.report.ConfigFileReadWrite:read:146) - fileName = resources/cignitiReporter.properties
2018-04-19 14:26:55,300  INFO (main:com.aaa.report.ConfigFileReadWrite:read:147) - key = RSOWebURL
2018-04-19 14:26:55,302  INFO (main:com.aaa.report.ConfigFileReadWrite:read:146) - fileName = resources/cignitiReporter.properties
2018-04-19 14:26:55,302  INFO (main:com.aaa.report.ConfigFileReadWrite:read:147) - key = RSOWebURLMestag
2018-04-19 14:26:55,303  INFO (main:com.aaa.report.ConfigFileReadWrite:read:146) - fileName = resources/cignitiReporter.properties
2018-04-19 14:26:55,303  INFO (main:com.aaa.report.ConfigFileReadWrite:read:147) - key = RSP
2018-04-19 14:26:55,310  INFO (main:com.aaa.report.ConfigFileReadWrite:read:146) - fileName = resources/cignitiReporter.properties
2018-04-19 14:26:55,310  INFO (main:com.aaa.report.ConfigFileReadWrite:read:147) - key = emBaseUrl
2018-04-19 14:26:55,313  INFO (main:com.aaa.report.ConfigFileReadWrite:read:146) - fileName = resources/cignitiReporter.properties
2018-04-19 14:26:55,313  INFO (main:com.aaa.report.ConfigFileReadWrite:read:147) - key = ncBaseUrl
2018-04-19 14:26:55,315  INFO (main:com.aaa.report.ConfigFileReadWrite:read:146) - fileName = resources/cignitiReporter.properties
2018-04-19 14:26:55,315  INFO (main:com.aaa.report.ConfigFileReadWrite:read:147) - key = callReceivingURL
2018-04-19 14:26:55,315  INFO (main:com.aaa.report.ConfigFileReadWrite:read:146) - fileName = resources/cignitiReporter.properties
2018-04-19 14:26:55,316  INFO (main:com.aaa.report.ConfigFileReadWrite:read:147) - key = dispatchURL
2018-04-19 14:26:55,316  INFO (main:com.aaa.report.ConfigFileReadWrite:read:146) - fileName = resources/cignitiReporter.properties
2018-04-19 14:26:55,316  INFO (main:com.aaa.report.ConfigFileReadWrite:read:147) - key = RSOWebURL
2018-04-19 14:26:55,317  INFO (main:com.aaa.report.ConfigFileReadWrite:read:146) - fileName = resources/cignitiReporter.properties
2018-04-19 14:26:55,317  INFO (main:com.aaa.report.ConfigFileReadWrite:read:147) - key = RSOWebURLMestag
2018-04-19 14:26:55,318  INFO (main:com.aaa.report.ConfigFileReadWrite:read:146) - fileName = resources/cignitiReporter.properties
2018-04-19 14:26:55,318  INFO (main:com.aaa.report.ConfigFileReadWrite:read:147) - key = RSP
2018-04-19 14:26:55,343  INFO (main:com.aaa.report.ConfigFileReadWrite:read:146) - fileName = resources/cignitiReporter.properties
2018-04-19 14:26:55,343  INFO (main:com.aaa.report.ConfigFileReadWrite:read:147) - key = emBaseUrl
2018-04-19 14:26:55,344  INFO (main:com.aaa.report.ConfigFileReadWrite:read:146) - fileName = resources/cignitiReporter.properties
2018-04-19 14:26:55,345  INFO (main:com.aaa.report.ConfigFileReadWrite:read:147) - key = ncBaseUrl
2018-04-19 14:26:55,345  INFO (main:com.aaa.report.ConfigFileReadWrite:read:146) - fileName = resources/cignitiReporter.properties
2018-04-19 14:26:55,345  INFO (main:com.aaa.report.ConfigFileReadWrite:read:147) - key = callReceivingURL
2018-04-19 14:26:55,346  INFO (main:com.aaa.report.ConfigFileReadWrite:read:146) - fileName = resources/cignitiReporter.properties
2018-04-19 14:26:55,346  INFO (main:com.aaa.report.ConfigFileReadWrite:read:147) - key = dispatchURL
2018-04-19 14:26:55,347  INFO (main:com.aaa.report.ConfigFileReadWrite:read:146) - fileName = resources/cignitiReporter.properties
2018-04-19 14:26:55,347  INFO (main:com.aaa.report.ConfigFileReadWrite:read:147) - key = RSOWebURL
2018-04-19 14:26:55,348  INFO (main:com.aaa.report.ConfigFileReadWrite:read:146) - fileName = resources/cignitiReporter.properties
2018-04-19 14:26:55,348  INFO (main:com.aaa.report.ConfigFileReadWrite:read:147) - key = RSOWebURLMestag
2018-04-19 14:26:55,349  INFO (main:com.aaa.report.ConfigFileReadWrite:read:146) - fileName = resources/cignitiReporter.properties
2018-04-19 14:26:55,349  INFO (main:com.aaa.report.ConfigFileReadWrite:read:147) - key = RSP
2018-04-19 14:26:55,351  INFO (main:com.aaa.report.ConfigFileReadWrite:read:146) - fileName = resources/cignitiReporter.properties
2018-04-19 14:26:55,351  INFO (main:com.aaa.report.ConfigFileReadWrite:read:147) - key = emBaseUrl
2018-04-19 14:26:55,353  INFO (main:com.aaa.report.ConfigFileReadWrite:read:146) - fileName = resources/cignitiReporter.properties
2018-04-19 14:26:55,353  INFO (main:com.aaa.report.ConfigFileReadWrite:read:147) - key = ncBaseUrl
2018-04-19 14:26:55,353  INFO (main:com.aaa.report.ConfigFileReadWrite:read:146) - fileName = resources/cignitiReporter.properties
2018-04-19 14:26:55,356  INFO (main:com.aaa.report.ConfigFileReadWrite:read:147) - key = callReceivingURL
2018-04-19 14:26:55,357  INFO (main:com.aaa.report.ConfigFileReadWrite:read:146) - fileName = resources/cignitiReporter.properties
2018-04-19 14:26:55,357  INFO (main:com.aaa.report.ConfigFileReadWrite:read:147) - key = dispatchURL
2018-04-19 14:26:55,358  INFO (main:com.aaa.report.ConfigFileReadWrite:read:146) - fileName = resources/cignitiReporter.properties
2018-04-19 14:26:55,359  INFO (main:com.aaa.report.ConfigFileReadWrite:read:147) - key = RSOWebURL
2018-04-19 14:26:55,361  INFO (main:com.aaa.report.ConfigFileReadWrite:read:146) - fileName = resources/cignitiReporter.properties
2018-04-19 14:26:55,361  INFO (main:com.aaa.report.ConfigFileReadWrite:read:147) - key = RSOWebURLMestag
2018-04-19 14:26:55,361  INFO (main:com.aaa.report.ConfigFileReadWrite:read:146) - fileName = resources/cignitiReporter.properties
2018-04-19 14:26:55,361  INFO (main:com.aaa.report.ConfigFileReadWrite:read:147) - key = RSP
2018-04-19 14:26:55,365  INFO (main:com.aaa.report.ConfigFileReadWrite:read:146) - fileName = resources/cignitiReporter.properties
2018-04-19 14:26:55,365  INFO (main:com.aaa.report.ConfigFileReadWrite:read:147) - key = emBaseUrl
2018-04-19 14:26:55,365  INFO (main:com.aaa.report.ConfigFileReadWrite:read:146) - fileName = resources/cignitiReporter.properties
2018-04-19 14:26:55,366  INFO (main:com.aaa.report.ConfigFileReadWrite:read:147) - key = ncBaseUrl
2018-04-19 14:26:55,368  INFO (main:com.aaa.report.ConfigFileReadWrite:read:146) - fileName = resources/cignitiReporter.properties
2018-04-19 14:26:55,368  INFO (main:com.aaa.report.ConfigFileReadWrite:read:147) - key = callReceivingURL
2018-04-19 14:26:55,369  INFO (main:com.aaa.report.ConfigFileReadWrite:read:146) - fileName = resources/cignitiReporter.properties
2018-04-19 14:26:55,369  INFO (main:com.aaa.report.ConfigFileReadWrite:read:147) - key = dispatchURL
2018-04-19 14:26:55,370  INFO (main:com.aaa.report.ConfigFileReadWrite:read:146) - fileName = resources/cignitiReporter.properties
2018-04-19 14:26:55,371  INFO (main:com.aaa.report.ConfigFileReadWrite:read:147) - key = RSOWebURL
2018-04-19 14:26:55,371  INFO (main:com.aaa.report.ConfigFileReadWrite:read:146) - fileName = resources/cignitiReporter.properties
2018-04-19 14:26:55,372  INFO (main:com.aaa.report.ConfigFileReadWrite:read:147) - key = RSOWebURLMestag
2018-04-19 14:26:55,374  INFO (main:com.aaa.report.ConfigFileReadWrite:read:146) - fileName = resources/cignitiReporter.properties
2018-04-19 14:26:55,375  INFO (main:com.aaa.report.ConfigFileReadWrite:read:147) - key = RSP
2018-04-19 14:26:55,381  INFO (main:com.aaa.report.ConfigFileReadWrite:read:146) - fileName = resources/cignitiReporter.properties
2018-04-19 14:26:55,381  INFO (main:com.aaa.report.ConfigFileReadWrite:read:147) - key = emBaseUrl
2018-04-19 14:26:55,393  INFO (main:com.aaa.report.ConfigFileReadWrite:read:146) - fileName = resources/cignitiReporter.properties
2018-04-19 14:26:55,393  INFO (main:com.aaa.report.ConfigFileReadWrite:read:147) - key = ncBaseUrl
2018-04-19 14:26:55,394  INFO (main:com.aaa.report.ConfigFileReadWrite:read:146) - fileName = resources/cignitiReporter.properties
2018-04-19 14:26:55,394  INFO (main:com.aaa.report.ConfigFileReadWrite:read:147) - key = callReceivingURL
2018-04-19 14:26:55,395  INFO (main:com.aaa.report.ConfigFileReadWrite:read:146) - fileName = resources/cignitiReporter.properties
2018-04-19 14:26:55,395  INFO (main:com.aaa.report.ConfigFileReadWrite:read:147) - key = dispatchURL
2018-04-19 14:26:55,395  INFO (main:com.aaa.report.ConfigFileReadWrite:read:146) - fileName = resources/cignitiReporter.properties
2018-04-19 14:26:55,395  INFO (main:com.aaa.report.ConfigFileReadWrite:read:147) - key = RSOWebURL
2018-04-19 14:26:55,397  INFO (main:com.aaa.report.ConfigFileReadWrite:read:146) - fileName = resources/cignitiReporter.properties
2018-04-19 14:26:55,397  INFO (main:com.aaa.report.ConfigFileReadWrite:read:147) - key = RSOWebURLMestag
2018-04-19 14:26:55,399  INFO (main:com.aaa.report.ConfigFileReadWrite:read:146) - fileName = resources/cignitiReporter.properties
2018-04-19 14:26:55,399  INFO (main:com.aaa.report.ConfigFileReadWrite:read:147) - key = RSP
2018-04-19 14:26:55,402  INFO (main:com.aaa.report.ConfigFileReadWrite:read:146) - fileName = resources/cignitiReporter.properties
2018-04-19 14:26:55,403  INFO (main:com.aaa.report.ConfigFileReadWrite:read:147) - key = emBaseUrl
2018-04-19 14:26:55,406  INFO (main:com.aaa.report.ConfigFileReadWrite:read:146) - fileName = resources/cignitiReporter.properties
2018-04-19 14:26:55,407  INFO (main:com.aaa.report.ConfigFileReadWrite:read:147) - key = ncBaseUrl
2018-04-19 14:26:55,408  INFO (main:com.aaa.report.ConfigFileReadWrite:read:146) - fileName = resources/cignitiReporter.properties
2018-04-19 14:26:55,408  INFO (main:com.aaa.report.ConfigFileReadWrite:read:147) - key = callReceivingURL
2018-04-19 14:26:55,409  INFO (main:com.aaa.report.ConfigFileReadWrite:read:146) - fileName = resources/cignitiReporter.properties
2018-04-19 14:26:55,409  INFO (main:com.aaa.report.ConfigFileReadWrite:read:147) - key = dispatchURL
2018-04-19 14:26:55,410  INFO (main:com.aaa.report.ConfigFileReadWrite:read:146) - fileName = resources/cignitiReporter.properties
2018-04-19 14:26:55,410  INFO (main:com.aaa.report.ConfigFileReadWrite:read:147) - key = RSOWebURL
2018-04-19 14:26:55,411  INFO (main:com.aaa.report.ConfigFileReadWrite:read:146) - fileName = resources/cignitiReporter.properties
2018-04-19 14:26:55,411  INFO (main:com.aaa.report.ConfigFileReadWrite:read:147) - key = RSOWebURLMestag
2018-04-19 14:26:55,412  INFO (main:com.aaa.report.ConfigFileReadWrite:read:146) - fileName = resources/cignitiReporter.properties
2018-04-19 14:26:55,412  INFO (main:com.aaa.report.ConfigFileReadWrite:read:147) - key = RSP
2018-04-19 14:26:55,422  INFO (main:com.aaa.report.ConfigFileReadWrite:read:146) - fileName = resources/cignitiReporter.properties
2018-04-19 14:26:55,422  INFO (main:com.aaa.report.ConfigFileReadWrite:read:147) - key = emBaseUrl
2018-04-19 14:26:55,423  INFO (main:com.aaa.report.ConfigFileReadWrite:read:146) - fileName = resources/cignitiReporter.properties
2018-04-19 14:26:55,423  INFO (main:com.aaa.report.ConfigFileReadWrite:read:147) - key = ncBaseUrl
2018-04-19 14:26:55,423  INFO (main:com.aaa.report.ConfigFileReadWrite:read:146) - fileName = resources/cignitiReporter.properties
2018-04-19 14:26:55,424  INFO (main:com.aaa.report.ConfigFileReadWrite:read:147) - key = callReceivingURL
2018-04-19 14:26:55,424  INFO (main:com.aaa.report.ConfigFileReadWrite:read:146) - fileName = resources/cignitiReporter.properties
2018-04-19 14:26:55,424  INFO (main:com.aaa.report.ConfigFileReadWrite:read:147) - key = dispatchURL
2018-04-19 14:26:55,425  INFO (main:com.aaa.report.ConfigFileReadWrite:read:146) - fileName = resources/cignitiReporter.properties
2018-04-19 14:26:55,426  INFO (main:com.aaa.report.ConfigFileReadWrite:read:147) - key = RSOWebURL
2018-04-19 14:26:55,427  INFO (main:com.aaa.report.ConfigFileReadWrite:read:146) - fileName = resources/cignitiReporter.properties
2018-04-19 14:26:55,427  INFO (main:com.aaa.report.ConfigFileReadWrite:read:147) - key = RSOWebURLMestag
2018-04-19 14:26:55,428  INFO (main:com.aaa.report.ConfigFileReadWrite:read:146) - fileName = resources/cignitiReporter.properties
2018-04-19 14:26:55,429  INFO (main:com.aaa.report.ConfigFileReadWrite:read:147) - key = RSP
2018-04-19 14:26:55,432  INFO (main:com.aaa.report.ConfigFileReadWrite:read:146) - fileName = resources/cignitiReporter.properties
2018-04-19 14:26:55,432  INFO (main:com.aaa.report.ConfigFileReadWrite:read:147) - key = emBaseUrl
2018-04-19 14:26:55,433  INFO (main:com.aaa.report.ConfigFileReadWrite:read:146) - fileName = resources/cignitiReporter.properties
2018-04-19 14:26:55,433  INFO (main:com.aaa.report.ConfigFileReadWrite:read:147) - key = ncBaseUrl
2018-04-19 14:26:55,434  INFO (main:com.aaa.report.ConfigFileReadWrite:read:146) - fileName = resources/cignitiReporter.properties
2018-04-19 14:26:55,434  INFO (main:com.aaa.report.ConfigFileReadWrite:read:147) - key = callReceivingURL
2018-04-19 14:26:55,435  INFO (main:com.aaa.report.ConfigFileReadWrite:read:146) - fileName = resources/cignitiReporter.properties
2018-04-19 14:26:55,436  INFO (main:com.aaa.report.ConfigFileReadWrite:read:147) - key = dispatchURL
2018-04-19 14:26:55,436  INFO (main:com.aaa.report.ConfigFileReadWrite:read:146) - fileName = resources/cignitiReporter.properties
2018-04-19 14:26:55,436  INFO (main:com.aaa.report.ConfigFileReadWrite:read:147) - key = RSOWebURL
2018-04-19 14:26:55,437  INFO (main:com.aaa.report.ConfigFileReadWrite:read:146) - fileName = resources/cignitiReporter.properties
2018-04-19 14:26:55,437  INFO (main:com.aaa.report.ConfigFileReadWrite:read:147) - key = RSOWebURLMestag
2018-04-19 14:26:55,438  INFO (main:com.aaa.report.ConfigFileReadWrite:read:146) - fileName = resources/cignitiReporter.properties
2018-04-19 14:26:55,438  INFO (main:com.aaa.report.ConfigFileReadWrite:read:147) - key = RSP
2018-04-19 14:26:55,442  INFO (main:com.aaa.report.ConfigFileReadWrite:read:146) - fileName = resources/cignitiReporter.properties
2018-04-19 14:26:55,442  INFO (main:com.aaa.report.ConfigFileReadWrite:read:147) - key = emBaseUrl
2018-04-19 14:26:55,442  INFO (main:com.aaa.report.ConfigFileReadWrite:read:146) - fileName = resources/cignitiReporter.properties
2018-04-19 14:26:55,442  INFO (main:com.aaa.report.ConfigFileReadWrite:read:147) - key = ncBaseUrl
2018-04-19 14:26:55,444  INFO (main:com.aaa.report.ConfigFileReadWrite:read:146) - fileName = resources/cignitiReporter.properties
2018-04-19 14:26:55,444  INFO (main:com.aaa.report.ConfigFileReadWrite:read:147) - key = callReceivingURL
2018-04-19 14:26:55,444  INFO (main:com.aaa.report.ConfigFileReadWrite:read:146) - fileName = resources/cignitiReporter.properties
2018-04-19 14:26:55,444  INFO (main:com.aaa.report.ConfigFileReadWrite:read:147) - key = dispatchURL
2018-04-19 14:26:55,447  INFO (main:com.aaa.report.ConfigFileReadWrite:read:146) - fileName = resources/cignitiReporter.properties
2018-04-19 14:26:55,447  INFO (main:com.aaa.report.ConfigFileReadWrite:read:147) - key = RSOWebURL
2018-04-19 14:26:55,450  INFO (main:com.aaa.report.ConfigFileReadWrite:read:146) - fileName = resources/cignitiReporter.properties
2018-04-19 14:26:55,450  INFO (main:com.aaa.report.ConfigFileReadWrite:read:147) - key = RSOWebURLMestag
2018-04-19 14:26:55,451  INFO (main:com.aaa.report.ConfigFileReadWrite:read:146) - fileName = resources/cignitiReporter.properties
2018-04-19 14:26:55,451  INFO (main:com.aaa.report.ConfigFileReadWrite:read:147) - key = RSP
2018-04-19 14:26:55,455  INFO (main:com.aaa.report.ConfigFileReadWrite:read:146) - fileName = resources/cignitiReporter.properties
2018-04-19 14:26:55,455  INFO (main:com.aaa.report.ConfigFileReadWrite:read:147) - key = emBaseUrl
2018-04-19 14:26:55,456  INFO (main:com.aaa.report.ConfigFileReadWrite:read:146) - fileName = resources/cignitiReporter.properties
2018-04-19 14:26:55,456  INFO (main:com.aaa.report.ConfigFileReadWrite:read:147) - key = ncBaseUrl
2018-04-19 14:26:55,456  INFO (main:com.aaa.report.ConfigFileReadWrite:read:146) - fileName = resources/cignitiReporter.properties
2018-04-19 14:26:55,457  INFO (main:com.aaa.report.ConfigFileReadWrite:read:147) - key = callReceivingURL
2018-04-19 14:26:55,457  INFO (main:com.aaa.report.ConfigFileReadWrite:read:146) - fileName = resources/cignitiReporter.properties
2018-04-19 14:26:55,457  INFO (main:com.aaa.report.ConfigFileReadWrite:read:147) - key = dispatchURL
2018-04-19 14:26:55,458  INFO (main:com.aaa.report.ConfigFileReadWrite:read:146) - fileName = resources/cignitiReporter.properties
2018-04-19 14:26:55,458  INFO (main:com.aaa.report.ConfigFileReadWrite:read:147) - key = RSOWebURL
2018-04-19 14:26:55,459  INFO (main:com.aaa.report.ConfigFileReadWrite:read:146) - fileName = resources/cignitiReporter.properties
2018-04-19 14:26:55,459  INFO (main:com.aaa.report.ConfigFileReadWrite:read:147) - key = RSOWebURLMestag
2018-04-19 14:26:55,461  INFO (main:com.aaa.report.ConfigFileReadWrite:read:146) - fileName = resources/cignitiReporter.properties
2018-04-19 14:26:55,461  INFO (main:com.aaa.report.ConfigFileReadWrite:read:147) - key = RSP
2018-04-19 14:27:02,525  INFO (main:com.aaa.accelerators.TestEngineWeb:beforeSuite:153) - 
2018-04-19 14:27:02,525  INFO (main:com.aaa.accelerators.TestEngineWeb:beforeSuite:154) - --------------------------------------------------------------------------
2018-04-19 14:27:02,525  INFO (main:com.aaa.accelerators.TestEngineWeb:beforeSuite:155) - ------------------Suite :: Regression------------------------------
2018-04-19 14:27:02,525  INFO (main:com.aaa.accelerators.TestEngineWeb:beforeSuite:156) - Execution Start Time :: 1524162422525
2018-04-19 14:27:02,525  INFO (main:com.aaa.accelerators.TestEngineWeb:beforeSuite:157) - Test Data Path :: C:\Users\VBehl\Desktop\DailyCode\06-03-2018/TestData/TestData.xls
2018-04-19 14:27:02,525  INFO (main:com.aaa.accelerators.TestEngineWeb:beforeSuite:158) - Executing on :: null
2018-04-19 14:27:02,525  INFO (main:com.aaa.accelerators.TestEngineWeb:beforeSuite:159) - ---------------------------End Suite Details-----------------------------------
